Rasa process starting
Rasa process starting
Added 'nlp_spacy' to component cache. Key 'nlp_spacy-en'.
Rasa Core server is up and running on http://localhost:5005
Failed to run custom action 'action_weather'. Action server responded with a non 200 status code of 404. Make sure your action server properly runs actions and returns a 200 once the action is executed. Error: 404 Client Error: NOT FOUND for url: http://localhost:5055/webhook/
Encountered an exception while running action 'action_weather'. Bot will continue, but the actions events are lost. Make sure to fix the exception in your custom code.
Rasa process starting
Added 'nlp_spacy' to component cache. Key 'nlp_spacy-en'.
Rasa Core server is up and running on http://localhost:5005
Failed to run custom action 'action_weather'. Action server responded with a non 200 status code of 500. Make sure your action server properly runs actions and returns a 200 once the action is executed. Error: 500 Server Error: INTERNAL SERVER ERROR for url: http://localhost:5055/webhook
Encountered an exception while running action 'action_weather'. Bot will continue, but the actions events are lost. Make sure to fix the exception in your custom code.
Rasa process starting
Rasa Core server is up and running on http://localhost:5005
Failed to parse text 'hi' using rasa NLU over http. Error: HTTPConnectionPool(host='%3cyour%20nlu%20host%3e', port=5000): Max retries exceeded with url: /parse?token=%3Ctoken%3E&model=weathernlu&project=models%2Fnlu%2Fdefault&q=hi&message_id=a922f48cd68a4ccbbcefa001d9e57d68 (Caused by NewConnectionError('<urllib3.connection.HTTPConnection object at 0x0000022E33C8E160>: Failed to establish a new connection: [Errno 11001] getaddrinfo failed',))
Failed to run custom action 'action_weather'. Action server responded with a non 200 status code of 500. Make sure your action server properly runs actions and returns a 200 once the action is executed. Error: 500 Server Error: INTERNAL SERVER ERROR for url: http://localhost:5055/webhook
Encountered an exception while running action 'action_weather'. Bot will continue, but the actions events are lost. Make sure to fix the exception in your custom code.
Failed to parse text '' using rasa NLU over http. Error: HTTPConnectionPool(host='%3cyour%20nlu%20host%3e', port=5000): Max retries exceeded with url: /parse?token=%3Ctoken%3E&model=weathernlu&project=models%2Fnlu%2Fdefault&q=&message_id=7770f4ff65f54b13ac3f0d8bb62f545e (Caused by NewConnectionError('<urllib3.connection.HTTPConnection object at 0x0000022E33E10FD0>: Failed to establish a new connection: [Errno 11001] getaddrinfo failed',))
Failed to run custom action 'action_weather'. Action server responded with a non 200 status code of 500. Make sure your action server properly runs actions and returns a 200 once the action is executed. Error: 500 Server Error: INTERNAL SERVER ERROR for url: http://localhost:5055/webhook
Encountered an exception while running action 'action_weather'. Bot will continue, but the actions events are lost. Make sure to fix the exception in your custom code.
Rasa process starting
Added 'nlp_spacy' to component cache. Key 'nlp_spacy-en'.
Rasa Core server is up and running on http://localhost:5005
Failed to run custom action 'action_weather'. Action server responded with a non 200 status code of 404. Make sure your action server properly runs actions and returns a 200 once the action is executed. Error: 404 Client Error: NOT FOUND for url: http://localhost:5055/
Encountered an exception while running action 'action_weather'. Bot will continue, but the actions events are lost. Make sure to fix the exception in your custom code.
Rasa process starting
Added 'nlp_spacy' to component cache. Key 'nlp_spacy-en'.
Rasa Core server is up and running on http://localhost:5005
Failed to run custom action 'action_weather'. Action server responded with a non 200 status code of 404. Make sure your action server properly runs actions and returns a 200 once the action is executed. Error: 404 Client Error: NOT FOUND for url: http://localhost:5055/
Encountered an exception while running action 'action_weather'. Bot will continue, but the actions events are lost. Make sure to fix the exception in your custom code.
Rasa process starting
Added 'nlp_spacy' to component cache. Key 'nlp_spacy-en'.
Rasa Core server is up and running on http://localhost:5005
Rasa process starting
Added 'nlp_spacy' to component cache. Key 'nlp_spacy-en'.
Rasa Core server is up and running on http://localhost:5005
Rasa process starting
Added 'nlp_spacy' to component cache. Key 'nlp_spacy-en'.
Rasa Core server is up and running on http://localhost:5005
